<?xml version="1.0" encoding="UTF-8"?>
<robot generator="Robot 6.1.1 (Python 3.12.1 on darwin)" generated="20241107 17:32:10.425" rpa="false" schemaversion="4">
<suite id="s1" name="Tests" source="/Users/anna/Documents/Opiskelu/Ohjelmistotuotanto/palautusrepositorio/viikko3/web-login/src/tests">
<suite id="s1-s1" name="Home" source="/Users/anna/Documents/Opiskelu/Ohjelmistotuotanto/palautusrepositorio/viikko3/web-login/src/tests/home.robot">
<kw name="Open And Configure Browser" library="resource" type="SETUP">
<if>
<branch type="IF" condition="$BROWSER == 'chrome'">
<kw name="Evaluate" library="BuiltIn">
<var>${options}</var>
<arg>sys.modules['selenium.webdriver'].ChromeOptions()</arg>
<arg>sys</arg>
<doc>Evaluates the given expression in Python and returns the result.</doc>
<msg timestamp="20241107 17:32:10.777" level="INFO">${options} = &lt;selenium.webdriver.chrome.options.Options object at 0x106c7fef0&gt;</msg>
<status status="PASS" starttime="20241107 17:32:10.777" endtime="20241107 17:32:10.777"/>
</kw>
<status status="PASS" starttime="20241107 17:32:10.777" endtime="20241107 17:32:10.777"/>
</branch>
<branch type="ELSE IF" condition="$BROWSER == 'firefox'">
<kw name="Evaluate" library="BuiltIn">
<var>${options}</var>
<arg>sys.modules['selenium.webdriver'].FirefoxOptions()</arg>
<arg>sys</arg>
<doc>Evaluates the given expression in Python and returns the result.</doc>
<status status="NOT RUN" starttime="20241107 17:32:10.777" endtime="20241107 17:32:10.777"/>
</kw>
<status status="NOT RUN" starttime="20241107 17:32:10.777" endtime="20241107 17:32:10.777"/>
</branch>
<status status="PASS" starttime="20241107 17:32:10.777" endtime="20241107 17:32:10.777"/>
</if>
<if>
<branch type="IF" condition="$HEADLESS == 'true'">
<kw name="Set Selenium Speed" library="SeleniumLibrary">
<arg>0</arg>
<doc>Sets the delay that is waited after each Selenium command.</doc>
<status status="NOT RUN" starttime="20241107 17:32:10.777" endtime="20241107 17:32:10.777"/>
</kw>
<kw name="Call Method" library="BuiltIn">
<arg>${options}</arg>
<arg>add_argument</arg>
<arg>--headless</arg>
<doc>Calls the named method of the given object with the provided arguments.</doc>
<status status="NOT RUN" starttime="20241107 17:32:10.777" endtime="20241107 17:32:10.777"/>
</kw>
<status status="NOT RUN" starttime="20241107 17:32:10.777" endtime="20241107 17:32:10.777"/>
</branch>
<branch type="ELSE">
<kw name="Set Selenium Speed" library="SeleniumLibrary">
<arg>${DELAY}</arg>
<doc>Sets the delay that is waited after each Selenium command.</doc>
<status status="PASS" starttime="20241107 17:32:10.777" endtime="20241107 17:32:10.777"/>
</kw>
<status status="PASS" starttime="20241107 17:32:10.777" endtime="20241107 17:32:10.777"/>
</branch>
<status status="PASS" starttime="20241107 17:32:10.777" endtime="20241107 17:32:10.777"/>
</if>
<kw name="Open Browser" library="SeleniumLibrary">
<arg>browser=${BROWSER}</arg>
<arg>options=${options}</arg>
<doc>Opens a new browser instance to the optional ``url``.</doc>
<msg timestamp="20241107 17:32:10.778" level="INFO">Opening browser 'chrome' to base url 'None'.</msg>
<msg timestamp="20241107 17:32:18.198" level="WARN">The chromedriver version (129.0.6668.70) detected in PATH at /usr/local/bin/chromedriver might not be compatible with the detected chrome version (130.0.6723.92); currently, chromedriver 130.0.6723.116 is recommended for chrome 130.*, so it is advised to delete the driver in PATH and retry</msg>
<status status="PASS" starttime="20241107 17:32:10.777" endtime="20241107 17:32:20.536"/>
</kw>
<status status="PASS" starttime="20241107 17:32:10.777" endtime="20241107 17:32:20.537"/>
</kw>
<test id="s1-s1-t1" name="Click Login Link" line="8">
<kw name="Reset Application And Go To Starting Page" type="SETUP">
<kw name="Reset Application" library="AppLibrary">
<status status="PASS" starttime="20241107 17:32:20.547" endtime="20241107 17:32:20.607"/>
</kw>
<kw name="Go To Starting Page" library="resource">
<kw name="Go To" library="SeleniumLibrary">
<arg>${HOME_URL}</arg>
<doc>Navigates the current browser window to the provided ``url``.</doc>
<msg timestamp="20241107 17:32:20.607" level="INFO">Opening url 'http://localhost:5001'</msg>
<status status="PASS" starttime="20241107 17:32:20.607" endtime="20241107 17:32:21.301"/>
</kw>
<status status="PASS" starttime="20241107 17:32:20.607" endtime="20241107 17:32:21.302"/>
</kw>
<status status="PASS" starttime="20241107 17:32:20.544" endtime="20241107 17:32:21.302"/>
</kw>
<kw name="Click Link" library="SeleniumLibrary">
<arg>Login</arg>
<doc>Clicks a link identified by ``locator``.</doc>
<msg timestamp="20241107 17:32:21.305" level="INFO">Clicking link 'Login'.</msg>
<status status="PASS" starttime="20241107 17:32:21.302" endtime="20241107 17:32:22.938"/>
</kw>
<kw name="Login Page Should Be Open" library="resource">
<kw name="Title Should Be" library="SeleniumLibrary">
<arg>Login</arg>
<doc>Verifies that the current page title equals ``title``.</doc>
<msg timestamp="20241107 17:32:23.451" level="INFO">Page title is 'Login'.</msg>
<status status="PASS" starttime="20241107 17:32:22.939" endtime="20241107 17:32:23.451"/>
</kw>
<status status="PASS" starttime="20241107 17:32:22.939" endtime="20241107 17:32:23.451"/>
</kw>
<status status="PASS" starttime="20241107 17:32:20.538" endtime="20241107 17:32:23.452"/>
</test>
<test id="s1-s1-t2" name="Click Register Link" line="12">
<kw name="Reset Application And Go To Starting Page" type="SETUP">
<kw name="Reset Application" library="AppLibrary">
<status status="PASS" starttime="20241107 17:32:23.454" endtime="20241107 17:32:23.469"/>
</kw>
<kw name="Go To Starting Page" library="resource">
<kw name="Go To" library="SeleniumLibrary">
<arg>${HOME_URL}</arg>
<doc>Navigates the current browser window to the provided ``url``.</doc>
<msg timestamp="20241107 17:32:23.470" level="INFO">Opening url 'http://localhost:5001'</msg>
<status status="PASS" starttime="20241107 17:32:23.470" endtime="20241107 17:32:23.990"/>
</kw>
<status status="PASS" starttime="20241107 17:32:23.470" endtime="20241107 17:32:23.991"/>
</kw>
<status status="PASS" starttime="20241107 17:32:23.454" endtime="20241107 17:32:23.991"/>
</kw>
<kw name="Click Link" library="SeleniumLibrary">
<arg>Register new user</arg>
<doc>Clicks a link identified by ``locator``.</doc>
<msg timestamp="20241107 17:32:23.991" level="INFO">Clicking link 'Register new user'.</msg>
<status status="PASS" starttime="20241107 17:32:23.991" endtime="20241107 17:32:25.593"/>
</kw>
<kw name="Register Page Should Be Open" library="resource">
<kw name="Title Should Be" library="SeleniumLibrary">
<arg>Register</arg>
<doc>Verifies that the current page title equals ``title``.</doc>
<msg timestamp="20241107 17:32:26.103" level="INFO">Page title is 'Register'.</msg>
<status status="PASS" starttime="20241107 17:32:25.593" endtime="20241107 17:32:26.104"/>
</kw>
<status status="PASS" starttime="20241107 17:32:25.593" endtime="20241107 17:32:26.104"/>
</kw>
<status status="PASS" starttime="20241107 17:32:23.453" endtime="20241107 17:32:26.104"/>
</test>
<kw name="Close Browser" library="SeleniumLibrary" type="TEARDOWN">
<doc>Closes the current browser.</doc>
<status status="PASS" starttime="20241107 17:32:26.107" endtime="20241107 17:32:26.704"/>
</kw>
<status status="PASS" starttime="20241107 17:32:10.437" endtime="20241107 17:32:26.704"/>
</suite>
<suite id="s1-s2" name="Login" source="/Users/anna/Documents/Opiskelu/Ohjelmistotuotanto/palautusrepositorio/viikko3/web-login/src/tests/login.robot">
<kw name="Open And Configure Browser" library="resource" type="SETUP">
<if>
<branch type="IF" condition="$BROWSER == 'chrome'">
<kw name="Evaluate" library="BuiltIn">
<var>${options}</var>
<arg>sys.modules['selenium.webdriver'].ChromeOptions()</arg>
<arg>sys</arg>
<doc>Evaluates the given expression in Python and returns the result.</doc>
<msg timestamp="20241107 17:32:26.712" level="INFO">${options} = &lt;selenium.webdriver.chrome.options.Options object at 0x106ca85c0&gt;</msg>
<status status="PASS" starttime="20241107 17:32:26.712" endtime="20241107 17:32:26.712"/>
</kw>
<status status="PASS" starttime="20241107 17:32:26.708" endtime="20241107 17:32:26.712"/>
</branch>
<branch type="ELSE IF" condition="$BROWSER == 'firefox'">
<kw name="Evaluate" library="BuiltIn">
<var>${options}</var>
<arg>sys.modules['selenium.webdriver'].FirefoxOptions()</arg>
<arg>sys</arg>
<doc>Evaluates the given expression in Python and returns the result.</doc>
<status status="NOT RUN" starttime="20241107 17:32:26.712" endtime="20241107 17:32:26.712"/>
</kw>
<status status="NOT RUN" starttime="20241107 17:32:26.712" endtime="20241107 17:32:26.712"/>
</branch>
<status status="PASS" starttime="20241107 17:32:26.708" endtime="20241107 17:32:26.712"/>
</if>
<if>
<branch type="IF" condition="$HEADLESS == 'true'">
<kw name="Set Selenium Speed" library="SeleniumLibrary">
<arg>0</arg>
<doc>Sets the delay that is waited after each Selenium command.</doc>
<status status="NOT RUN" starttime="20241107 17:32:26.712" endtime="20241107 17:32:26.712"/>
</kw>
<kw name="Call Method" library="BuiltIn">
<arg>${options}</arg>
<arg>add_argument</arg>
<arg>--headless</arg>
<doc>Calls the named method of the given object with the provided arguments.</doc>
<status status="NOT RUN" starttime="20241107 17:32:26.712" endtime="20241107 17:32:26.712"/>
</kw>
<status status="NOT RUN" starttime="20241107 17:32:26.712" endtime="20241107 17:32:26.712"/>
</branch>
<branch type="ELSE">
<kw name="Set Selenium Speed" library="SeleniumLibrary">
<arg>${DELAY}</arg>
<doc>Sets the delay that is waited after each Selenium command.</doc>
<status status="PASS" starttime="20241107 17:32:26.712" endtime="20241107 17:32:26.713"/>
</kw>
<status status="PASS" starttime="20241107 17:32:26.712" endtime="20241107 17:32:26.713"/>
</branch>
<status status="PASS" starttime="20241107 17:32:26.712" endtime="20241107 17:32:26.713"/>
</if>
<kw name="Open Browser" library="SeleniumLibrary">
<arg>browser=${BROWSER}</arg>
<arg>options=${options}</arg>
<doc>Opens a new browser instance to the optional ``url``.</doc>
<msg timestamp="20241107 17:32:26.713" level="INFO">Opening browser 'chrome' to base url 'None'.</msg>
<msg timestamp="20241107 17:32:26.784" level="WARN">The chromedriver version (129.0.6668.70) detected in PATH at /usr/local/bin/chromedriver might not be compatible with the detected chrome version (130.0.6723.92); currently, chromedriver 130.0.6723.116 is recommended for chrome 130.*, so it is advised to delete the driver in PATH and retry</msg>
<status status="PASS" starttime="20241107 17:32:26.713" endtime="20241107 17:32:27.582"/>
</kw>
<status status="PASS" starttime="20241107 17:32:26.708" endtime="20241107 17:32:27.582"/>
</kw>
<test id="s1-s2-t1" name="Login With Correct Credentials" line="8">
<kw name="Reset Application Create User And Go To Login Page" type="SETUP">
<kw name="Reset Application" library="AppLibrary">
<status status="PASS" starttime="20241107 17:32:27.583" endtime="20241107 17:32:27.587"/>
</kw>
<kw name="Create User" library="AppLibrary">
<arg>kalle</arg>
<arg>kalle123</arg>
<status status="PASS" starttime="20241107 17:32:27.587" endtime="20241107 17:32:27.598"/>
</kw>
<kw name="Go To Login Page" library="resource">
<kw name="Go To" library="SeleniumLibrary">
<arg>${LOGIN_URL}</arg>
<doc>Navigates the current browser window to the provided ``url``.</doc>
<msg timestamp="20241107 17:32:27.598" level="INFO">Opening url 'http://localhost:5001/login'</msg>
<status status="PASS" starttime="20241107 17:32:27.598" endtime="20241107 17:32:28.152"/>
</kw>
<status status="PASS" starttime="20241107 17:32:27.598" endtime="20241107 17:32:28.153"/>
</kw>
<status status="PASS" starttime="20241107 17:32:27.583" endtime="20241107 17:32:28.153"/>
</kw>
<kw name="Set Username">
<arg>kalle</arg>
<kw name="Input Text" library="SeleniumLibrary">
<arg>username</arg>
<arg>${username}</arg>
<doc>Types the given ``text`` into the text field identified by ``locator``.</doc>
<msg timestamp="20241107 17:32:28.156" level="INFO">Typing text 'kalle' into text field 'username'.</msg>
<status status="PASS" starttime="20241107 17:32:28.155" endtime="20241107 17:32:29.858"/>
</kw>
<status status="PASS" starttime="20241107 17:32:28.154" endtime="20241107 17:32:29.859"/>
</kw>
<kw name="Set Password">
<arg>kalle123</arg>
<kw name="Input Password" library="SeleniumLibrary">
<arg>password</arg>
<arg>${password}</arg>
<doc>Types the given password into the text field identified by ``locator``.</doc>
<msg timestamp="20241107 17:32:29.861" level="INFO">Typing password into text field 'password'.</msg>
<msg timestamp="20241107 17:32:30.904" level="INFO">Temporally setting log level to: NONE</msg>
<msg timestamp="20241107 17:32:31.442" level="INFO">Log level changed from NONE to INFO.</msg>
<status status="PASS" starttime="20241107 17:32:29.860" endtime="20241107 17:32:31.442"/>
</kw>
<status status="PASS" starttime="20241107 17:32:29.859" endtime="20241107 17:32:31.443"/>
</kw>
<kw name="Submit Credentials">
<kw name="Click Button" library="SeleniumLibrary">
<arg>Login</arg>
<doc>Clicks the button identified by ``locator``.</doc>
<msg timestamp="20241107 17:32:31.446" level="INFO">Clicking button 'Login'.</msg>
<status status="PASS" starttime="20241107 17:32:31.444" endtime="20241107 17:32:33.609"/>
</kw>
<status status="PASS" starttime="20241107 17:32:31.443" endtime="20241107 17:32:33.609"/>
</kw>
<kw name="Login Should Succeed">
<kw name="Main Page Should Be Open" library="resource">
<kw name="Title Should Be" library="SeleniumLibrary">
<arg>Ohtu Application main page</arg>
<doc>Verifies that the current page title equals ``title``.</doc>
<msg timestamp="20241107 17:32:34.119" level="INFO">Page title is 'Ohtu Application main page'.</msg>
<status status="PASS" starttime="20241107 17:32:33.611" endtime="20241107 17:32:34.120"/>
</kw>
<status status="PASS" starttime="20241107 17:32:33.611" endtime="20241107 17:32:34.120"/>
</kw>
<status status="PASS" starttime="20241107 17:32:33.610" endtime="20241107 17:32:34.120"/>
</kw>
<status status="PASS" starttime="20241107 17:32:27.582" endtime="20241107 17:32:34.121"/>
</test>
<test id="s1-s2-t2" name="Login With Incorrect Password" line="14">
<kw name="Reset Application Create User And Go To Login Page" type="SETUP">
<kw name="Reset Application" library="AppLibrary">
<status status="PASS" starttime="20241107 17:32:34.123" endtime="20241107 17:32:34.132"/>
</kw>
<kw name="Create User" library="AppLibrary">
<arg>kalle</arg>
<arg>kalle123</arg>
<status status="PASS" starttime="20241107 17:32:34.132" endtime="20241107 17:32:34.141"/>
</kw>
<kw name="Go To Login Page" library="resource">
<kw name="Go To" library="SeleniumLibrary">
<arg>${LOGIN_URL}</arg>
<doc>Navigates the current browser window to the provided ``url``.</doc>
<msg timestamp="20241107 17:32:34.141" level="INFO">Opening url 'http://localhost:5001/login'</msg>
<status status="PASS" starttime="20241107 17:32:34.141" endtime="20241107 17:32:34.665"/>
</kw>
<status status="PASS" starttime="20241107 17:32:34.141" endtime="20241107 17:32:34.665"/>
</kw>
<status status="PASS" starttime="20241107 17:32:34.123" endtime="20241107 17:32:34.665"/>
</kw>
<kw name="Set Username">
<arg>kalle</arg>
<kw name="Input Text" library="SeleniumLibrary">
<arg>username</arg>
<arg>${username}</arg>
<doc>Types the given ``text`` into the text field identified by ``locator``.</doc>
<msg timestamp="20241107 17:32:34.668" level="INFO">Typing text 'kalle' into text field 'username'.</msg>
<status status="PASS" starttime="20241107 17:32:34.667" endtime="20241107 17:32:36.254"/>
</kw>
<status status="PASS" starttime="20241107 17:32:34.666" endtime="20241107 17:32:36.254"/>
</kw>
<kw name="Set Password">
<arg>kalle456</arg>
<kw name="Input Password" library="SeleniumLibrary">
<arg>password</arg>
<arg>${password}</arg>
<doc>Types the given password into the text field identified by ``locator``.</doc>
<msg timestamp="20241107 17:32:36.256" level="INFO">Typing password into text field 'password'.</msg>
<msg timestamp="20241107 17:32:37.289" level="INFO">Temporally setting log level to: NONE</msg>
<msg timestamp="20241107 17:32:37.834" level="INFO">Log level changed from NONE to INFO.</msg>
<status status="PASS" starttime="20241107 17:32:36.255" endtime="20241107 17:32:37.834"/>
</kw>
<status status="PASS" starttime="20241107 17:32:36.255" endtime="20241107 17:32:37.834"/>
</kw>
<kw name="Submit Credentials">
<kw name="Click Button" library="SeleniumLibrary">
<arg>Login</arg>
<doc>Clicks the button identified by ``locator``.</doc>
<msg timestamp="20241107 17:32:37.835" level="INFO">Clicking button 'Login'.</msg>
<status status="PASS" starttime="20241107 17:32:37.835" endtime="20241107 17:32:39.920"/>
</kw>
<status status="PASS" starttime="20241107 17:32:37.834" endtime="20241107 17:32:39.921"/>
</kw>
<kw name="Login Should Fail With Message">
<arg>Invalid username or password</arg>
<kw name="Login Page Should Be Open" library="resource">
<kw name="Title Should Be" library="SeleniumLibrary">
<arg>Login</arg>
<doc>Verifies that the current page title equals ``title``.</doc>
<msg timestamp="20241107 17:32:40.429" level="INFO">Page title is 'Login'.</msg>
<status status="PASS" starttime="20241107 17:32:39.922" endtime="20241107 17:32:40.430"/>
</kw>
<status status="PASS" starttime="20241107 17:32:39.922" endtime="20241107 17:32:40.430"/>
</kw>
<kw name="Page Should Contain" library="SeleniumLibrary">
<arg>${message}</arg>
<doc>Verifies that current page contains ``text``.</doc>
<msg timestamp="20241107 17:32:41.450" level="INFO">Current page contains text 'Invalid username or password'.</msg>
<status status="PASS" starttime="20241107 17:32:40.430" endtime="20241107 17:32:41.450"/>
</kw>
<status status="PASS" starttime="20241107 17:32:39.921" endtime="20241107 17:32:41.450"/>
</kw>
<status status="PASS" starttime="20241107 17:32:34.122" endtime="20241107 17:32:41.450"/>
</test>
<kw name="Close Browser" library="SeleniumLibrary" type="TEARDOWN">
<doc>Closes the current browser.</doc>
<status status="PASS" starttime="20241107 17:32:41.451" endtime="20241107 17:32:42.018"/>
</kw>
<status status="PASS" starttime="20241107 17:32:26.705" endtime="20241107 17:32:42.018"/>
</suite>
<status status="PASS" starttime="20241107 17:32:10.427" endtime="20241107 17:32:42.021"/>
</suite>
<statistics>
<total>
<stat pass="4" fail="0" skip="0">All Tests</stat>
</total>
<tag>
</tag>
<suite>
<stat pass="4" fail="0" skip="0" id="s1" name="Tests">Tests</stat>
<stat pass="2" fail="0" skip="0" id="s1-s1" name="Home">Tests.Home</stat>
<stat pass="2" fail="0" skip="0" id="s1-s2" name="Login">Tests.Login</stat>
</suite>
</statistics>
<errors>
<msg timestamp="20241107 17:32:18.198" level="WARN">The chromedriver version (129.0.6668.70) detected in PATH at /usr/local/bin/chromedriver might not be compatible with the detected chrome version (130.0.6723.92); currently, chromedriver 130.0.6723.116 is recommended for chrome 130.*, so it is advised to delete the driver in PATH and retry</msg>
<msg timestamp="20241107 17:32:26.784" level="WARN">The chromedriver version (129.0.6668.70) detected in PATH at /usr/local/bin/chromedriver might not be compatible with the detected chrome version (130.0.6723.92); currently, chromedriver 130.0.6723.116 is recommended for chrome 130.*, so it is advised to delete the driver in PATH and retry</msg>
</errors>
</robot>
